[debug] [2026-06-25T21:51:28.135Z] ----------------------------------------------------------------------
[debug] [2026-06-25T21:51:28.142Z] Command:       C:\nvm4w\nodejs\node.exe C:\nvm4w\nodejs\node_modules\firebase-tools\lib\bin\firebase.js init hosting
[debug] [2026-06-25T21:51:28.142Z] CLI Version:   15.22.3
[debug] [2026-06-25T21:51:28.143Z] Platform:      win32
[debug] [2026-06-25T21:51:28.143Z] Node Version:  v24.14.1
[debug] [2026-06-25T21:51:28.143Z] Detected Agent: unknown
[debug] [2026-06-25T21:51:28.143Z] Time:          Thu Jun 25 2026 17:51:28 GMT-0400 (hora de Bolivia)
[debug] [2026-06-25T21:51:28.144Z] ----------------------------------------------------------------------
[debug] 
[info] 
     ######## #### ########  ######## ########     ###     ######  ########
     ##        ##  ##     ## ##       ##     ##  ##   ##  ##       ##
     ######    ##  ########  ######   ########  #########  ######  ######
     ##        ##  ##    ##  ##       ##     ## ##     ##       ## ##
     ##       #### ##     ## ######## ########  ##     ##  ######  ########

You're about to initialize a Firebase project in this directory:

  C:\Users\LENOVO\Desktop\BRAZO\web

[info] 
=== Project Setup
[info] 
[info] First, let's associate this project directory with a Firebase project.
[info] You can create multiple project aliases by running firebase use --add, 
[info] 
[info] i  If you want to create a project in a Google Cloud organization or folder, please use "firebase projects:create" instead, and return to this command when you've created the project. 
[debug] [2026-06-25T21:53:59.121Z] > command requires scopes: ["email","openid","https://www.googleapis.com/auth/cloudplatformprojects.readonly","https://www.googleapis.com/auth/firebase","https://www.googleapis.com/auth/cloud-platform"]
[debug] [2026-06-25T21:53:59.121Z] > authorizing via signed-in user (layme.9162628@gmail.com)
[debug] [2026-06-25T21:55:14.566Z] Checked if tokens are valid: true, expires at: 1782427771399
[debug] [2026-06-25T21:55:14.566Z] Checked if tokens are valid: true, expires at: 1782427771399
[debug] [2026-06-25T21:55:14.570Z] >>> [apiv2][query] POST https://firebase.googleapis.com/v1/projects:checkProjectId [none]
[debug] [2026-06-25T21:55:14.570Z] >>> [apiv2][body] POST https://firebase.googleapis.com/v1/projects:checkProjectId {"proposedId":"9162628lP"}
[debug] [2026-06-25T21:55:15.038Z] <<< [apiv2][status] POST https://firebase.googleapis.com/v1/projects:checkProjectId 200
[debug] [2026-06-25T21:55:15.039Z] <<< [apiv2][body] POST https://firebase.googleapis.com/v1/projects:checkProjectId {"projectIdStatus":"PROJECT_ID_NOT_VALID","suggestedProjectId":"lp-5d7d5"}
[debug] [2026-06-25T21:55:19.149Z] Checked if tokens are valid: true, expires at: 1782427771399
[debug] [2026-06-25T21:55:19.150Z] Checked if tokens are valid: true, expires at: 1782427771399
[debug] [2026-06-25T21:55:19.151Z] >>> [apiv2][query] POST https://firebase.googleapis.com/v1/projects:checkProjectId [none]
[debug] [2026-06-25T21:55:19.151Z] >>> [apiv2][body] POST https://firebase.googleapis.com/v1/projects:checkProjectId {"proposedId":"9162628Lp"}
[debug] [2026-06-25T21:55:19.535Z] <<< [apiv2][status] POST https://firebase.googleapis.com/v1/projects:checkProjectId 200
[debug] [2026-06-25T21:55:19.535Z] <<< [apiv2][body] POST https://firebase.googleapis.com/v1/projects:checkProjectId {"projectIdStatus":"PROJECT_ID_NOT_VALID","suggestedProjectId":"lp-21ea0"}
[debug] [2026-06-25T21:55:25.168Z] ExitPromptError: User force closed the prompt with SIGINT
    at Interface.sigint (C:\Users\LENOVO\AppData\Local\nvm\v24.14.1\node_modules\firebase-tools\node_modules\@inquirer\core\dist\commonjs\lib\create-prompt.js:101:37)
    at Interface.emit (node:events:508:28)
    at [_ttyWrite] [as _ttyWrite] (node:internal/readline/interface:1327:18)
    at ReadStream.onkeypress (node:internal/readline/interface:284:20)
    at ReadStream.emit (node:events:520:35)
    at emitKeys (node:internal/readline/utils:371:14)
    at emitKeys.next (<anonymous>)
    at ReadStream.onData (node:internal/readline/emitKeypressEvents:64:36)
    at ReadStream.emit (node:events:508:28)
    at addChunk (node:internal/streams/readable:563:12)
[error] 
[error] Error: An unexpected error has occurred.
